<?xml version="1.0" encoding="utf-8"?>
<!DOCTYPE hibernate-configuration PUBLIC
"-//Hibernate/Hibernate Configuration DTD 3.0//EN"
"http://hibernate.sourceforge.net/hibernate-configuration-3.0.dtd">

<hibernate-configuration>
    <session-factory>
        <!-- AH -->
        <mapping resource="AddressHierarchyLevel.hbm.xml"/>
        <mapping resource="AddressHierarchyEntry.hbm.xml"/>
        <!-- MDS -->
        <mapping resource="ImportedItem.hbm.xml"/>
        <mapping resource="ImportedPackage.hbm.xml"/>
        <!-- Htmlformentry -->
        <mapping resource="HtmlFormEntryHtmlForm.hbm.xml"/>
        <!-- Idgen -->
        <mapping resource="IdentifierSource.hbm.xml"/>
        <!-- MetadataMapping -->
        <mapping resource="MetadataSource.hbm.xml"/>
        <mapping resource="MetadataTermMapping.hbm.xml"/>
        <mapping resource="MetadataSet.hbm.xml"/>
        <mapping resource="MetadataSetMember.hbm.xml"/>
        <!-- Bahmni Appointments -->
        <mapping resource="Speciality.hbm.xml"/>
        <mapping resource="AppointmentServiceDefinition.hbm.xml"/>
        <mapping resource="ServiceWeeklyAvailability.hbm.xml"/>
        <mapping resource="AppointmentServiceType.hbm.xml"/>
        <!-- Reporting  - For Validator -->
        <mapping resource="ReportDesign.hbm.xml"/>
    </session-factory>
</hibernate-configuration>
