<?xml version='1.0' encoding='UTF-8'?>
<dataset>

  <concept concept_id="2000" retired="false" is_set="true" creator="1" date_created="2022-02-02 14:31:00.0" uuid="907eba27-2b38-43e8-91a9-4dfe3956a35t"/>
  <concept concept_id="2001" retired="false" is_set="false" creator="1" date_created="2022-02-02 14:40:00.0" uuid="67b910bd-298c-4ecf-a632-661ae2f446op"/>
  <concept concept_id="2002" retired="false" is_set="false" creator="1" date_created="2022-03-08 15:40:00.0" uuid="68b910bd-298c-4ecf-a632-661ae2f446op"/>
  <concept_name concept_name_id="893" concept_id="2000" name="Queue Service" locale="en" creator="1" date_created="2022-02-02 14:40:00.0" voided="0" uuid="9cp62348-5bf2-4050-b824-0aa009436ed6" concept_name_type="FULLY_SPECIFIED" locale_preferred="0"/>
  <concept_name concept_name_id="210" concept_id="2001" name="Triage" locale="en" creator="1" date_created="2022-02-02 14:40:00.0" voided="0" uuid="9i667348-5bf2-4050-b824-0aa009436kl0" concept_name_type="FULLY_SPECIFIED" locale_preferred="0"/>
  <concept_name concept_name_id="211" concept_id="2002" name="Consultation" locale="en" creator="1" date_created="2022-02-02 14:40:00.0" voided="0" uuid="5t747348-5bf2-4050-b824-0aa009436kl0" concept_name_type="FULLY_SPECIFIED" locale_preferred="0"/>
  <concept_set concept_set_id="389000" concept_set="2000" concept_id="2001" sort_weight="0" date_created="2022-02-02 14:40:00.0" creator="1" uuid="470b910bd-298c-4ecf-a632-661ae2f886bf"/>
  <concept_set concept_set_id="389001" concept_set="2000" concept_id="2002" sort_weight="0" date_created="2022-03-08 15:50:00.0" creator="1" uuid="380b910bd-298c-4ecf-a632-661ae2f886bf"/>

  <global_property property="queue.serviceConceptSetName" property_value="Queue Service" uuid="69006997-6898-11ee-ab8d-0242ac120002"/>

  <queue queue_id="1" uuid="2a0e0eee-6888-11ee-ab8d-0242ac120002" name="Initial Queue" description="" location_id="1" service="2001" creator="1" date_created="2020-03-11 15:59:20.0" retired="false"/>
</dataset>
