<?xml version='1.0' encoding='UTF-8'?>
<dataset>

  <appointment_speciality SPECIALITY_ID="40089" NAME="Orthopaedic" DATE_CREATED="2021-02-08 18:57:06.0" UUID="cf213609-11ab-11ea-a6a0-080027405b36" CREATOR="1"/>
  <appointment_speciality SPECIALITY_ID="40090" NAME="Paediatric" DATE_CREATED="2021-02-08 18:57:06.0" UUID="65ae95d9-d1a5-4979-a534-dc17671f2469" CREATOR="1"/>

  <appointment_service APPOINTMENT_SERVICE_ID="4089" NAME="Specialized Appointment" DATE_CREATED="2021-02-08 18:57:06.0" UUID="6b220700-4ba2-4846-86a7-a2afa5b6f2eb" VOIDED="false" CREATOR="1" SPECIALITY_ID="40089"/>
  <appointment_service APPOINTMENT_SERVICE_ID="4090" NAME="On-site Appointment" DATE_CREATED="2021-02-08 18:57:06.0" UUID="a1039051-6f34-420d-9779-24e77eb0ca00" VOIDED="false" CREATOR="1" LOCATION_ID="2"/>

  <appointment_service_type APPOINTMENT_SERVICE_TYPE_ID="104089" APPOINTMENT_SERVICE_ID="4089" NAME="Short follow-up" DURATION_MINS="30" VOIDED="false" DATE_CREATED="2021-02-08 21:59:46.0" UUID="eb6a436d-f25a-463b-bfd5-b19673770381" CREATOR="1"/>
  <appointment_service_type APPOINTMENT_SERVICE_TYPE_ID="104090" APPOINTMENT_SERVICE_ID="4090" NAME="Long check-up" DURATION_MINS="120" VOIDED="false" DATE_CREATED="2021-02-08 21:59:46.0" UUID="4e0f61df-d1f7-4cff-8d69-6264666daf3b" CREATOR="1"/>

  <encounter_role encounter_role_id="100" name="Plague Doctor" description="Should be retired" creator="1" date_created="2012-08-18 14:00:00.0" retired="false" uuid="6eb3cf82-cae3-4d50-a31c-90f9230504c8"/>
  <encounter_role encounter_role_id="101" name="Phlebotomist" description="Treats patients' phlegm" creator="1" date_created="2012-08-18 15:00:00.0" retired="false" uuid="09a55bcc-2ce2-46a2-836c-4a56dce9d239"/>

  <location_tag LOCATION_TAG_ID="4089" NAME="Facility Location" DATE_CREATED="2019-11-29 20:44:07.0" CREATOR="1" RETIRED="false" UUID="a2327745-2970-4752-ac8a-dd0ba131f40e"/>
  <location_tag LOCATION_TAG_ID="4090" NAME="Shed" DATE_CREATED="2019-11-30 20:44:07.0" CREATOR="1" RETIRED="false" UUID="a1417745-1170-5752-fc8a-dd0ba131f40e"/>
  <location_tag LOCATION_TAG_ID="4091" NAME="Appointment Location" DATE_CREATED="2021-02-08 18:57:06.0" CREATOR="1" RETIRED="false" UUID="a3e05b0e-c70d-11e7-aa2b-8e7070d6a3d1"/>

  <location LOCATION_ID="4089" UUID="a03e395c-b881-49b7-b6fc-983f6bddc7fc" NAME="Acme Clinic" DATE_CREATED="2019-11-29 20:41:38.0" CREATOR="1" RETIRED="false"/>
  <location LOCATION_ID="4090" UUID="cbaaaab4-d960-4ae9-9b6a-8983fbd947b6" NAME="Legacy Location" DESCRIPTION="Legacy location that must be retired" DATE_CREATED="2019-11-29 20:41:38.0" CREATOR="1" RETIRED="false"/>
  <location LOCATION_ID="4091" UUID="fdddc31a-3930-11ea-9712-a73c3c19744f" NAME="LOCATION_NO_UUID" DESCRIPTION="Location used to test fetching by name" DATE_CREATED="2019-11-29 20:41:38.0" CREATOR="1" RETIRED="false"/>

  <location_attribute_type LOCATION_ATTRIBUTE_TYPE_ID="1089" NAME="Location Code" DATATYPE="org.openmrs.customdatatype.datatype.FreeTextDatatype" MIN_OCCURS="0" CREATOR="1" DATE_CREATED="2019-12-11 09:31:48.0" RETIRED="false" UUID="9eca4f4e-707f-4bb8-8289-2f9b6e93803c"/>
  <location_attribute_type LOCATION_ATTRIBUTE_TYPE_ID="1090" NAME="Last Audit Date" DATATYPE="org.openmrs.customdatatype.datatype.DateDatatype" CREATOR="1" DATE_CREATED="2005-01-01 00:00:00.0" MIN_OCCURS="0" RETIRED="false" UUID="9516cc50-6f9f-11e0-8414-001e378eb67e"/>
  
  <location_attribute location_attribute_id="1089" location_id="4089" attribute_type_id="1090" value_reference="2016-04-14" creator="1" date_created="2005-01-01 00:00:00.0" voided="false" uuid="3a2bdb18-6faa-11e0-8414-001e378eb67e"/>
  
  <provider_attribute_type PROVIDER_ATTRIBUTE_TYPE_ID="1090" NAME="Provider Speciality" DESCRIPTION="Clinical speciality for this provider" DATATYPE="org.openmrs.customdatatype.datatype.FreeTextDatatype" MIN_OCCURS="0" MAX_OCCURS="5" CREATOR="1" DATE_CREATED="2019-12-11 09:31:48.0" RETIRED="false" UUID="bffaaf27-3d3b-4721-8ae4-d6e667ee756a"/>

  <provider_attribute_type PROVIDER_ATTRIBUTE_TYPE_ID="1091" NAME="Provider Rating" DATATYPE="org.openmrs.customdatatype.datatype.FreeTextDatatype" MIN_OCCURS="1" MAX_OCCURS="1" CREATOR="1" DATE_CREATED="2019-12-11 09:31:48.0" RETIRED="false" UUID="bcfe7b26-605f-45f1-ac0e-b5c794b6e0d9"/>

  <program PROGRAM_ID="4089" UUID="787ec1bd-19a6-4577-9121-899588795737" NAME="test-basis-program" DATE_CREATED="2019-11-29 20:25:15.0" RETIRED="false" CONCEPT_ID="3" CREATOR="1"/>

  <privilege privilege="Add Apples" description="Able to add apples." uuid="4604e928-96bf-4e2c-be08-cbbc40dd000c"/>
  <privilege privilege="Add Reports" description="Able to add analytic reports." uuid="cf68a296-2700-102b-80cb-0017a47871b2"/>
  <privilege privilege="Add Hens" description="Able to add poultry." uuid="36404041-c255-4c5b-9b47-0d757d2afa95"/>
  
  <role ROLE="test-entity-role" UUID="3f8f0ab7-c240-4b68-8951-bb7020be01f6"/>
  
  <patient_identifier_type patient_identifier_type_id="1" name="OpenMRS ID" description="OpenMRS Identification Number" creator="1" date_created="2020-03-1 15:59:20.0" required="false" format="" format_description="" validator="" retired="false" uuid="b0d10dc0-d8ce-11e3-9c1a-0jhg89c9a66" />
  <patient_identifier_type patient_identifier_type_id="2" name="Legacy ID" description="Legacy Identification Number" creator="1" date_created="2020-03-1 15:59:20.0" required="false" format="" format_description="" validator="" retired="false" uuid="8aaacb14-5ac0-4226-9a6e-fee8e9d92aeb" />
  
  <idgen_identifier_source id="1" name="OpenMRS ID Generator" identifier_type="1" creator="1" date_created="2009-11-30 11:28:30.489" retired="false" uuid="0d47284f-9e9b-4a81-a88b-8bb42bc0a901" />  
  <idgen_seq_id_gen id="1" first_identifier_base="1" next_sequence_value="6" base_character_set="abcdefghijklmnopqrstuvwxyz0123456789" prefix="" min_length="0" max_length="0" />
  
  <idgen_identifier_source id="2" name="Legacy ID Generator" identifier_type="2" creator="1" date_created="2009-11-30 11:28:30.489" retired="false" uuid="9eca4f4e-707f-4lb8-8289-2f9b6e93803f" />
  <idgen_seq_id_gen id="2" first_identifier_base="1" next_sequence_value="2" base_character_set="0123456789" prefix="" min_length="0" max_length="0" />
  
  <idgen_auto_generation_option id="15000" source="1" identifier_type="1" manual_entry_enabled="false" automatic_generation_enabled="true" uuid="eade77b6-3365-47ed-9ee3-2324598629eb" />
    
  <visit_type visit_type_id="15000" name="Malnutrition" description="Malnutrition Visit" creator="1" date_created="2020-12-12 00:00:00.0" retired="false" uuid="2bcf7212-d218-4572-8893-25c4pob71934"/>
  <visit_type visit_type_id="16000" name="OPD" description="Legacy OPD visit Description" creator="1" date_created="2020-12-12 00:00:00.0" retired="false" uuid="287463d3-2233-4c69-9851-5841a1f5e109"/>

</dataset>
