<?xml version='1.0' encoding='UTF-8'?>
<dataset>

  <location_tag LOCATION_TAG_ID="4089" NAME="Facility Location" DATE_CREATED="2019-11-29 20:44:07.0" CREATOR="1" RETIRED="false" UUID="a2327745-2970-4752-ac8a-dd0ba131f40e"/>

  <location LOCATION_ID="4089" UUID="a03e395c-b881-49b7-b6fc-983f6bddc7fc" NAME="Acme Clinic" DATE_CREATED="2019-11-29 20:41:38.0" CREATOR="1" RETIRED="false"/>
  <location LOCATION_ID="4090" UUID="cbaaaab4-d960-4ae9-9b6a-8983fbd947b6" NAME="Legacy Location" DESCRIPTION="Legacy location that must be retired" DATE_CREATED="2019-11-29 20:41:38.0" CREATOR="1" RETIRED="false"/>

  <program PROGRAM_ID="4089" UUID="787ec1bd-19a6-4577-9121-899588795737" NAME="test-basis-program" DATE_CREATED="2019-11-29 20:25:15.0" RETIRED="false" CONCEPT_ID="3" CREATOR="1"/>

  <privilege privilege="Add Apples" description="Able to add apples." uuid="4604e928-96bf-4e2c-be08-cbbc40dd000c"/>
  <privilege privilege="Add Reports" description="Able to add analytic reports." uuid="cf68a296-2700-102b-80cb-0017a47871b2"/>
  <privilege privilege="Add Hens" description="Able to add poultry." uuid="36404041-c255-4c5b-9b47-0d757d2afa95"/>
  
  <role ROLE="test-entity-role" UUID="3f8f0ab7-c240-4b68-8951-bb7020be01f6"/>
  
</dataset>