<?xml version='1.0' encoding='UTF-8'?>
<dataset>
  <location LOCATION_ID="4089" UUID="a03e395c-b881-49b7-b6fc-983f6bddc7fc" NAME="Acme Clinic" DATE_CREATED="2019-11-29 20:41:38.0" CREATOR="1" RETIRED="false"/>

  <location_attribute_type LOCATION_ATTRIBUTE_TYPE_ID="1089" NAME="Location Code" DATATYPE="org.openmrs.customdatatype.datatype.FreeTextDatatype" MIN_OCCURS="0" CREATOR="1" DATE_CREATED="2019-12-11 09:31:48.0" RETIRED="false" UUID="9eca4f4e-707f-4bb8-8289-2f9b6e93803c"/>
  <location_attribute_type LOCATION_ATTRIBUTE_TYPE_ID="1090" NAME="Last Audit Date" DATATYPE="org.openmrs.customdatatype.datatype.DateDatatype" CREATOR="1" DATE_CREATED="2005-01-01 00:00:00.0" MIN_OCCURS="0" RETIRED="false" UUID="9516cc50-6f9f-11e0-8414-001e378eb67e"/>

  <location_attribute location_attribute_id="1089" location_id="4089" attribute_type_id="1090" value_reference="2016-04-14" creator="1" date_created="2005-01-01 00:00:00.0" voided="false" uuid="3a2bdb18-6faa-11e0-8414-001e378eb67e"/>
</dataset>
