<?xml version='1.0' encoding='UTF-8'?>
<dataset>

  <concept_reference_source CONCEPT_SOURCE_ID="1089" UUID="f7b87a16-749c-45f2-91d5-f1c87110bb3d" NAME="Cambodia" DESCRIPTION="Test &apos;Cambodia&apos; source" DATE_CREATED="2019-12-11 16:59:47.0" RETIRED="false" CREATOR="1"/>
  <concept_reference_source CONCEPT_SOURCE_ID="1090" UUID="245dd8d9-ed8e-4126-8866-d99d140d50b7" NAME="CIEL" DESCRIPTION="Test &apos;CIEL&apos; source" DATE_CREATED="2019-12-11 16:59:47.0" RETIRED="false" CREATOR="1"/>

  <concept CONCEPT_ID="5497" UUID="a09ab2c5-878e-4905-b25d-5784167d0216" RETIRED="false" DATE_CREATED="2004-08-12 00:00:00.0" VERSION="0.1" DATE_CHANGED="2006-06-09 14:57:33.0" IS_SET="false" DATATYPE_ID="1" CLASS_ID="1" CHANGED_BY="1" CREATOR="1"/>
  <concept CONCEPT_ID="5498" UUID="4421da0d-42d0-410d-8ffd-47ec6f155d8f" RETIRED="false" DATE_CREATED="2019-12-11 16:59:47.0" DATE_CHANGED="2019-12-11 16:59:47.0" IS_SET="false" DATATYPE_ID="3" CLASS_ID="11" CHANGED_BY="1" CREATOR="1"/>
  <concept CONCEPT_ID="5499" UUID="276c5861-cd46-429f-9665-e067ddeca8e3" RETIRED="false" DATE_CREATED="2019-12-11 16:59:47.0" DATE_CHANGED="2019-12-11 16:59:47.0" IS_SET="false" DATATYPE_ID="3" CLASS_ID="11" CHANGED_BY="1" CREATOR="1"/>
  <concept CONCEPT_ID="5500" UUID="401d17f2-6a53-4d9e-8df8-08010a837970" RETIRED="false" DATE_CREATED="2019-12-11 16:59:47.0" DATE_CHANGED="2019-12-11 16:59:47.0" IS_SET="false" DATATYPE_ID="3" CLASS_ID="11" CHANGED_BY="1" CREATOR="1"/>
  <concept CONCEPT_ID="5501" UUID="542c18f3-a837-41d4-92e9-be53dc825302" RETIRED="false" DATE_CREATED="2019-12-11 16:59:47.0" DATE_CHANGED="2019-12-11 16:59:47.0" IS_SET="false" DATATYPE_ID="3" CLASS_ID="11" CHANGED_BY="1" CREATOR="1"/>
  <concept CONCEPT_ID="5502" UUID="13f62545-d0de-4f7b-a86f-04b91afee2d3" RETIRED="false" DATE_CREATED="2019-12-11 16:59:47.0" DATE_CHANGED="2019-12-11 16:59:47.0" IS_SET="false" DATATYPE_ID="3" CLASS_ID="11" CHANGED_BY="1" CREATOR="1"/>
  <concept CONCEPT_ID="5503" UUID="d803e973-1010-4415-8659-c011dec707c0" RETIRED="false" DATE_CREATED="2019-12-11 16:59:48.0" DATE_CHANGED="2019-12-11 16:59:48.0" IS_SET="true" DATATYPE_ID="3" CLASS_ID="11" CHANGED_BY="1" CREATOR="1"/>
  <concept CONCEPT_ID="5504" UUID="4280217a-eb93-4e2f-9684-28bed4690e7b" RETIRED="false" DATE_CREATED="2019-12-11 16:59:48.0" DATE_CHANGED="2019-12-11 16:59:48.0" IS_SET="false" DATATYPE_ID="1" CLASS_ID="11" CHANGED_BY="1" CREATOR="1"/>
  <concept CONCEPT_ID="5505" UUID="b0b15817-79d6-4c33-b7e9-bfa079d46f5f" RETIRED="false" DATE_CREATED="2019-12-11 16:59:48.0" DATE_CHANGED="2019-12-11 16:59:48.0" IS_SET="false" DATATYPE_ID="13" CLASS_ID="11" CHANGED_BY="1" CREATOR="1"/>
  <concept CONCEPT_ID="5506" UUID="7517abe5-8a70-4347-af17-c7e31fa75579" RETIRED="false" DATE_CREATED="2019-12-11 16:59:48.0" DATE_CHANGED="2019-12-11 16:59:48.0" IS_SET="false" DATATYPE_ID="3" CLASS_ID="11" CHANGED_BY="1" CREATOR="1"/>
  <concept CONCEPT_ID="5507" UUID="995ceb0e-d397-4560-bbf1-7642d143a0a2" RETIRED="false" DATE_CREATED="2019-12-11 16:59:48.0" DATE_CHANGED="2019-12-11 16:59:48.0" IS_SET="false" DATATYPE_ID="3" CLASS_ID="11" CHANGED_BY="1" CREATOR="1"/>
  <concept CONCEPT_ID="5508" UUID="4c93c34e-37c2-11ea-bd28-d70ffe7aa802" RETIRED="true" DATE_CREATED="2019-12-11 16:59:48.0" DATE_CHANGED="2019-12-11 16:59:48.0" IS_SET="false" DATATYPE_ID="3" CLASS_ID="11" CHANGED_BY="1" CREATOR="1"/>

  <concept_name CONCEPT_NAME_ID="6052" CONCEPT_ID="5498" NAME="CONCEPT_RETIRE" LOCALE="en" DATE_CREATED="2019-12-11 16:59:47.0" CREATOR="1" VOIDED="false" CONCEPT_NAME_TYPE="FULLY_SPECIFIED" LOCALE_PREFERRED="true" UUID="02f3b54f-82de-4c63-b24b-4e3c59589407"/>
  <concept_name CONCEPT_NAME_ID="6053" CONCEPT_ID="5499" NAME="CONCEPT_EDIT_SHORTNAME" LOCALE="en" DATE_CREATED="2019-12-11 16:59:47.0" CREATOR="1" VOIDED="false" CONCEPT_NAME_TYPE="FULLY_SPECIFIED" LOCALE_PREFERRED="true" UUID="81ae92eb-8221-4867-bd83-30dbccf1ff4d"/>
  <concept_name CONCEPT_NAME_ID="6054" CONCEPT_ID="5499" NAME="Old short name" LOCALE="en" DATE_CREATED="2019-12-11 16:59:47.0" CREATOR="1" VOIDED="false" CONCEPT_NAME_TYPE="SHORT" LOCALE_PREFERRED="false" UUID="8f3ce43a-ceb4-4200-958c-20f1c6c1a317"/>
  <concept_name CONCEPT_NAME_ID="6055" CONCEPT_ID="5500" NAME="CONCEPT_WITH_MAPPING_TO_RETIRE" LOCALE="en" DATE_CREATED="2019-12-11 16:59:47.0" CREATOR="1" VOIDED="false" CONCEPT_NAME_TYPE="FULLY_SPECIFIED" LOCALE_PREFERRED="true" UUID="ec464219-d3e5-4191-af97-11874e93cd66"/>
  <concept_name CONCEPT_NAME_ID="6056" CONCEPT_ID="5501" NAME="member_1" LOCALE="en" DATE_CREATED="2019-12-11 16:59:47.0" CREATOR="1" VOIDED="false" CONCEPT_NAME_TYPE="FULLY_SPECIFIED" LOCALE_PREFERRED="true" UUID="25ad5b4e-64d4-4d76-b611-14081e9a6ff4"/>
  <concept_name CONCEPT_NAME_ID="6057" CONCEPT_ID="5502" NAME="member_2" LOCALE="en" DATE_CREATED="2019-12-11 16:59:47.0" CREATOR="1" VOIDED="false" CONCEPT_NAME_TYPE="FULLY_SPECIFIED" LOCALE_PREFERRED="true" UUID="f1d600cc-4739-4db1-a156-fe2ed510561f"/>
  <concept_name CONCEPT_NAME_ID="6058" CONCEPT_ID="5503" NAME="CONCEPT_REMOVE_MEMBERS" LOCALE="en" DATE_CREATED="2019-12-11 16:59:48.0" CREATOR="1" VOIDED="false" CONCEPT_NAME_TYPE="FULLY_SPECIFIED" LOCALE_PREFERRED="true" UUID="c9fab7cf-8754-4138-9a2d-b982fbc63e4b"/>
  <concept_name CONCEPT_NAME_ID="6059" CONCEPT_ID="5504" NAME="CN_2_EDIT" LOCALE="en" DATE_CREATED="2019-12-11 16:59:48.0" CREATOR="1" VOIDED="false" CONCEPT_NAME_TYPE="FULLY_SPECIFIED" LOCALE_PREFERRED="true" UUID="d6d61ca8-25eb-40ee-9879-e360f8f218c7"/>
  <concept_name CONCEPT_NAME_ID="6060" CONCEPT_ID="5505" NAME="CC_2_EDIT" LOCALE="en" DATE_CREATED="2019-12-11 16:59:48.0" CREATOR="1" VOIDED="false" CONCEPT_NAME_TYPE="FULLY_SPECIFIED" LOCALE_PREFERRED="true" UUID="2b54fc69-3d39-4bb9-b662-477822ca8682"/>
  <concept_name CONCEPT_NAME_ID="6061" CONCEPT_ID="5506" NAME="Old short name" LOCALE="en" DATE_CREATED="2019-12-11 16:59:48.0" CREATOR="1" VOIDED="false" CONCEPT_NAME_TYPE="SHORT" LOCALE_PREFERRED="false" UUID="0d64e0af-5ba7-43a3-9388-297c232be45c"/>
  <concept_name CONCEPT_NAME_ID="6062" CONCEPT_ID="5506" NAME="CONCEPT_FETCH_BY_FSN" LOCALE="en" DATE_CREATED="2019-12-11 16:59:48.0" CREATOR="1" VOIDED="false" CONCEPT_NAME_TYPE="FULLY_SPECIFIED" LOCALE_PREFERRED="true" UUID="e7b759e7-fe6e-4c19-9dfa-ae0a731dc42f"/>
  <concept_name CONCEPT_NAME_ID="6063" CONCEPT_ID="5507" NAME="old km short name" LOCALE="km_KH" DATE_CREATED="2019-12-11 16:59:48.0" CREATOR="1" VOIDED="false" CONCEPT_NAME_TYPE="SHORT" LOCALE_PREFERRED="false" UUID="89c1e927-b5db-47a2-884b-6c3d74f91658"/>
  <concept_name CONCEPT_NAME_ID="6064" CONCEPT_ID="5507" NAME="គំនិត_ដោយ_FSN" LOCALE="km_KH" DATE_CREATED="2019-12-11 16:59:48.0" CREATOR="1" VOIDED="false" CONCEPT_NAME_TYPE="FULLY_SPECIFIED" LOCALE_PREFERRED="true" UUID="7ddd43e2-ad28-4714-964c-cd9b62f70a3c"/>
  <concept_name CONCEPT_NAME_ID="6065" CONCEPT_ID="5508" NAME="MMR" LOCALE="en" DATE_CREATED="2019-12-11 16:59:48.0" CREATOR="1" VOIDED="false" CONCEPT_NAME_TYPE="FULLY_SPECIFIED" LOCALE_PREFERRED="true" UUID="6fdef9b2-37c8-11ea-be00-432efc5fb0a5"/>

  <concept_reference_term CONCEPT_REFERENCE_TERM_ID="12" UUID="8d340303-7cda-49ad-b49d-e1618d9c3143" CONCEPT_SOURCE_ID="1089" CODE="foo12bar" NAME="" CREATOR="1" DATE_CREATED="2019-12-11 16:59:47.0" RETIRED="false"/>

  <concept_reference_map CONCEPT_MAP_ID="11" UUID="3ef3c9ca-3bb6-4081-a081-ca9bf7179831" CONCEPT_ID="5500" CONCEPT_REFERENCE_TERM_ID="12" CONCEPT_MAP_TYPE_ID="2" CREATOR="1" DATE_CREATED="2019-12-11 16:59:47.0"/>

  <concept_complex CONCEPT_ID="5505" HANDLER="TextHandler"/>

  <concept_set CONCEPT_SET_ID="1089" UUID="75e21f76-a09a-4c53-a401-13d2f38628b0" SORT_WEIGHT="1000.0" DATE_CREATED="2019-12-11 17:18:05.0" CONCEPT_ID="5501" CONCEPT_SET="5503" CREATOR="1"/>
  <concept_set CONCEPT_SET_ID="1090" UUID="c99b2737-c824-48f9-b095-c8cf516b9532" SORT_WEIGHT="1010.0" DATE_CREATED="2019-12-11 17:18:05.0" CONCEPT_ID="5502" CONCEPT_SET="5503" CREATOR="1"/>
  <concept_attribute_type concept_attribute_type_id="3081" name="Audit Date" datatype="org.openmrs.customdatatype.datatype.DateDatatype" uuid="9516cc50-6f9f-11e0-8414-001e378eb67e" creator="1" date_created="2020-04-03 00:00:00.0" min_occurs="0" retired="false" />
  <concept_attribute_type concept_attribute_type_id="3082" name="Email Address" datatype="org.openmrs.customdatatype.datatype.FreeTextDatatype" uuid="k516cc50-6f9f-11e0-8414-101e378e467f" creator="1" date_created="2020-04-03 00:00:00.0" min_occurs="0" retired="false" />
  <concept_attribute concept_attribute_id="3083" concept_id="5500" attribute_type_id="3081" value_reference="2011-04-25" uuid="3a2bdb18-6faa-11e0-8414-001e378eb67e" creator="1" date_created="2020-04-03 00:00:00.0" voided="false" />
</dataset>